[16:03:36] [ServerMain/INFO]: [bootstrap] Running Java 21 (OpenJDK 64-Bit Server VM 21.0.5+11-LTS; Microsoft Microsoft-10376803) on Linux 6.5.0-1025-azure (amd64)
[16:03:36] [ServerMain/INFO]: [bootstrap] Loading Paper 1.21.4-138-main@5395ae3 (2025-02-02T21:42:11Z) for Minecraft 1.21.4
[16:03:36] [ServerMain/INFO]: [PluginInitializerManager] Initializing plugins...
[16:03:37] [ServerMain/INFO]: [PluginInitializerManager] Initialized 0 plugins
[16:03:41] [ServerMain/INFO]: Environment: Environment[sessionHost=https://sessionserver.mojang.com, servicesHost=https://api.minecraftservices.com, name=PROD]
[16:03:41] [ServerMain/INFO]: Found new data pack file/bukkit, loading it automatically
[16:03:41] [ServerMain/INFO]: Found new data pack paper, loading it automatically
[16:03:42] [ServerMain/INFO]: No existing world data, creating new world
[16:03:43] [ServerMain/INFO]: Loaded 1370 recipes
[16:03:43] [ServerMain/INFO]: Loaded 1481 advancements
[16:03:43] [ServerMain/INFO]: [MCTypeRegistry] Initialising converters for DataConverter...
[16:03:43] [ServerMain/INFO]: [MCTypeRegistry] Finished initialising converters for DataConverter in 208.0ms
[16:03:43] [Server thread/INFO]: Starting minecraft server version 1.21.4
[16:03:43] [Server thread/INFO]: Loading properties
[16:03:43] [Server thread/INFO]: This server is running Paper version 1.21.4-138-main@5395ae3 (2025-02-02T21:42:11Z) (Implementing API version 1.21.4-R0.1-SNAPSHOT)
[16:03:43] [Server thread/INFO]: [spark] This server bundles the spark profiler. For more information please visit https://docs.papermc.io/paper/profiling
[16:03:44] [Server thread/INFO]: Server Ping Player Sample Count: 12
[16:03:44] [Server thread/INFO]: Using 4 threads for Netty based IO
[16:03:45] [Server thread/INFO]: [MoonriseCommon] Paper is using 1 worker threads, 1 I/O threads
[16:03:45] [Server thread/INFO]: [ChunkTaskScheduler] Chunk system is using population gen parallelism: true
[16:03:45] [Server thread/INFO]: Default game type: SURVIVAL
[16:03:45] [Server thread/INFO]: Generating keypair
[16:03:45] [Server thread/INFO]: Starting Minecraft server on *:25565
[16:03:45] [Server thread/INFO]: Using epoll channel type
[16:03:45] [Server thread/INFO]: Paper: Using libdeflate (Linux x86_64) compression from Velocity.
[16:03:45] [Server thread/INFO]: Paper: Using OpenSSL 1.1.x (Linux x86_64) cipher from Velocity.
[16:03:45] [Server thread/INFO]: Server permissions file permissions.yml is empty, ignoring it
[16:03:45] [Server thread/WARN]: **** SERVER IS RUNNING IN OFFLINE/INSECURE MODE!
[16:03:45] [Server thread/WARN]: The server will make no attempt to authenticate usernames. Beware.
[16:03:45] [Server thread/WARN]: While this makes the game possible to play without internet access, it also opens up the ability for hackers to connect with any username they choose.
[16:03:45] [Server thread/WARN]: To change this, set "online-mode" to "true" in the server.properties file.
[16:03:45] [Server thread/INFO]: Preparing level "world"
[16:03:55] [Server thread/INFO]: Preparing start region for dimension minecraft:overworld
[16:03:55] [Server thread/INFO]: Preparing spawn area: 2%
[16:03:55] [Server thread/INFO]: Preparing spawn area: 2%
[16:03:56] [Server thread/INFO]: Preparing spawn area: 2%
[16:03:56] [Server thread/INFO]: Preparing spawn area: 2%
[16:03:57] [Server thread/INFO]: Preparing spawn area: 4%
[16:03:57] [Server thread/INFO]: Preparing spawn area: 18%
[16:03:58] [Server thread/INFO]: Preparing spawn area: 20%
[16:03:58] [Server thread/INFO]: Preparing spawn area: 51%
[16:03:59] [Server thread/INFO]: Preparing spawn area: 57%
[16:03:59] [Server thread/INFO]: Preparing spawn area: 57%
[16:04:00] [Server thread/INFO]: Preparing spawn area: 57%
[16:04:00] [Server thread/INFO]: Time elapsed: 5285 ms
[16:04:00] [Server thread/INFO]: Preparing start region for dimension minecraft:the_nether
[16:04:00] [Server thread/INFO]: Preparing spawn area: 2%
[16:04:01] [Server thread/INFO]: Preparing spawn area: 18%
[16:04:01] [Server thread/INFO]: Preparing spawn area: 34%
[16:04:02] [Server thread/INFO]: Preparing spawn area: 51%
[16:04:02] [Server thread/INFO]: Time elapsed: 1802 ms
[16:04:02] [Server thread/INFO]: Preparing start region for dimension minecraft:the_end
[16:04:02] [Server thread/INFO]: Preparing spawn area: 2%
[16:04:02] [Server thread/INFO]: Preparing spawn area: 79%
[16:04:02] [Server thread/INFO]: Time elapsed: 506 ms
[16:04:03] [Server thread/INFO]: [spark] Starting background profiler...
[16:04:03] [Server thread/INFO]: Done preparing level "world" (17.643s)
[16:04:03] [Server thread/INFO]: Running delayed init tasks
[16:04:03] [Server thread/INFO]: Done (27.472s)! For help, type "help"
[16:07:27] [Server thread/INFO]: Stopping the server
[16:07:27] [Server thread/INFO]: Stopping server
[16:07:27] [Server thread/INFO]: Saving players
[16:07:27] [Server thread/INFO]: Saving worlds
[16:07:27] [Server thread/INFO]: Saving chunks for level 'ServerLevel[world]'/minecraft:overworld
[16:07:27] [Server thread/INFO]: [ChunkHolderManager] Waiting 60s for chunk system to halt for world 'world'
[16:07:27] [Server thread/INFO]: [ChunkHolderManager] Halted chunk system for world 'world'
[16:07:27] [Server thread/INFO]: [ChunkHolderManager] Saving all chunkholders for world 'world'
[16:07:28] [Server thread/INFO]: [ChunkHolderManager] Saved 841 block chunks, 49 entity chunks, 0 poi chunks in world 'world' in 1.31s
[16:07:28] [Server thread/INFO]: [ChunkHolderManager] Waiting 60s for chunk I/O to halt for world 'world'
[16:07:28] [Server thread/INFO]: [ChunkHolderManager] Halted I/O scheduler for world 'world'
[16:07:28] [Server thread/INFO]: Saving chunks for level 'ServerLevel[world_nether]'/minecraft:the_nether
[16:07:28] [Server thread/INFO]: [ChunkHolderManager] Waiting 60s for chunk system to halt for world 'world_nether'
[16:07:28] [Server thread/INFO]: [ChunkHolderManager] Halted chunk system for world 'world_nether'
[16:07:28] [Server thread/INFO]: [ChunkHolderManager] Saving all chunkholders for world 'world_nether'
[16:07:28] [Server thread/INFO]: [ChunkHolderManager] Saved 841 block chunks, 49 entity chunks, 0 poi chunks in world 'world_nether' in 0.41s
[16:07:28] [Server thread/INFO]: [ChunkHolderManager] Waiting 60s for chunk I/O to halt for world 'world_nether'
[16:07:28] [Server thread/INFO]: [ChunkHolderManager] Halted I/O scheduler for world 'world_nether'
[16:07:28] [Server thread/INFO]: Saving chunks for level 'ServerLevel[world_the_end]'/minecraft:the_end
[16:07:28] [Server thread/INFO]: [ChunkHolderManager] Waiting 60s for chunk system to halt for world 'world_the_end'
[16:07:28] [Server thread/INFO]: [ChunkHolderManager] Halted chunk system for world 'world_the_end'
[16:07:28] [Server thread/INFO]: [ChunkHolderManager] Saving all chunkholders for world 'world_the_end'
[16:07:29] [Server thread/INFO]: [ChunkHolderManager] Saved 841 block chunks, 49 entity chunks, 0 poi chunks in world 'world_the_end' in 0.34s
[16:07:29] [Server thread/INFO]: [ChunkHolderManager] Waiting 60s for chunk I/O to halt for world 'world_the_end'
[16:07:29] [Server thread/INFO]: [ChunkHolderManager] Halted I/O scheduler for world 'world_the_end'
[16:07:29] [Server thread/INFO]: ThreadedAnvilChunkStorage (world): All chunks are saved
[16:07:29] [Server thread/INFO]: ThreadedAnvilChunkStorage (DIM-1): All chunks are saved
[16:07:29] [Server thread/INFO]: ThreadedAnvilChunkStorage (DIM1): All chunks are saved
[16:07:29] [Server thread/INFO]: ThreadedAnvilChunkStorage: All dimensions are saved
[16:07:29] [Server thread/INFO]: Waiting for I/O tasks to complete...
[16:07:29] [Server thread/INFO]: All I/O tasks to complete
[16:07:29] [Server thread/INFO]: [MoonriseCommon] Awaiting termination of worker pool for up to 60s...
[16:07:29] [Server thread/INFO]: [MoonriseCommon] Awaiting termination of I/O pool for up to 60s...
